<?xml version="1.0" encoding="UTF-8"?>
<!-- Generated by org.testng.reporters.JUnitReportReporter -->
<testsuite skipped="2" hostname="DESKTOP-HRL7FP9" name="ar.com.informatorio.calidad.tests.MyStoreLoginTest" tests="4" failures="0" timestamp="10 oct 2018 15:24:14 GMT" time="48.892" errors="0">
  <testcase name="testCreateUserAccount" time="31.352" classname="ar.com.informatorio.calidad.tests.MyStoreLoginTest"/>
  <testcase name="testLoginUser" time="17.540" classname="ar.com.informatorio.calidad.tests.MyStoreLoginTest"/>
  <testcase name="testCreateAccount" classname="ar.com.informatorio.calidad.tests.MyStoreLoginTest">
    <skipped/>
  </testcase> <!-- testCreateAccount -->
  <testcase name="testLogin" classname="ar.com.informatorio.calidad.tests.MyStoreLoginTest">
    <skipped/>
  </testcase> <!-- testLogin -->
</testsuite> <!-- ar.com.informatorio.calidad.tests.MyStoreLoginTest -->
