<?xml version="1.0" encoding="UTF-8"?>
<!-- Generated by org.testng.reporters.JUnitReportReporter -->
<testsuite skipped="0" hostname="DESKTOP-HRL7FP9" name="ar.com.informatorio.calidad.tests.MyThirdTest" tests="2" failures="0" timestamp="05 sep 2018 15:42:01 GMT" time="27.963" errors="0">
  <testcase name="buscarCorrientes" time="14.975" classname="ar.com.informatorio.calidad.tests.MyThirdTest"/>
  <testcase name="buscarResistencia" time="12.988" classname="ar.com.informatorio.calidad.tests.MyThirdTest"/>
</testsuite> <!-- ar.com.informatorio.calidad.tests.MyThirdTest -->
