<?xml version="1.0" encoding="UTF-8"?>
<!-- Generated by org.testng.reporters.JUnitReportReporter -->
<testsuite skipped="0" hostname="DESKTOP-HRL7FP9" name="ar.com.informatorio.RestAssured.InsumoTest" tests="6" failures="0" timestamp="22 oct 2018 02:48:08 GMT" time="3.073" errors="0">
  <testcase name="getSupplies2ByIdUsingPathParam" time="0.513" classname="ar.com.informatorio.RestAssured.InsumoTest"/>
  <testcase name="getByIdUsingQueryParam" time="0.069" classname="ar.com.informatorio.RestAssured.InsumoTest"/>
  <testcase name="deleteSupply" time="0.040" classname="ar.com.informatorio.RestAssured.InsumoTest"/>
  <testcase name="getSuppliesByIdUsingPathParam" time="0.041" classname="ar.com.informatorio.RestAssured.InsumoTest"/>
  <testcase name="addSupply" time="2.272" classname="ar.com.informatorio.RestAssured.InsumoTest"/>
  <testcase name="getAllSupplies" time="0.138" classname="ar.com.informatorio.RestAssured.InsumoTest"/>
</testsuite> <!-- ar.com.informatorio.RestAssured.InsumoTest -->
